<?xml version="1.0" encoding="UTF-8"?>
<testsuite xmlns:xsi="http://www.w3.org/2001/XMLSchema-instance" xsi:noNamespaceSchemaLocation="https://maven.apache.org/surefire/maven-surefire-plugin/xsd/surefire-test-report.xsd" version="3.0.2" name="com.github.udinei.icompras.servicos.IComprasServicosConfigurationTest" time="0.498" tests="5" errors="0" skipped="0" failures="1">
  <properties>
[...]
</properties>
  <testcase name="testPomXmlContainsSpringBoot344" classname="com.github.udinei.icompras.servicos.IComprasServicosConfigurationTest" time="0.247"/>
  <testcase name="testPomXmlHasJarPackaging" classname="com.github.udinei.icompras.servicos.IComprasServicosConfigurationTest" time="0.015"/>
  <testcase name="testDirectoryStructureExists" classname="com.github.udinei.icompras.servicos.IComprasServicosConfigurationTest" time="0.038">
    <failure message="docker/postgres directory should exist ==&gt; expected: &lt;true&gt; but was: &lt;false&gt;" type="org.opentest4j.AssertionFailedError"><![CDATA[org.opentest4j.AssertionFailedError: docker/postgres directory should exist ==> expected: <true> but was: <false>
	at org.junit.jupiter.api.AssertionFailureBuilder.build(AssertionFailureBuilder.java:151)
	at org.junit.jupiter.api.AssertionFailureBuilder.buildAndThrow(AssertionFailureBuilder.java:132)
	at org.junit.jupiter.api.AssertTrue.failNotTrue(AssertTrue.java:63)
	at org.junit.jupiter.api.AssertTrue.assertTrue(AssertTrue.java:36)
	at org.junit.jupiter.api.Assertions.assertTrue(Assertions.java:214)
	at com.github.udinei.icompras.servicos.IComprasServicosConfigurationTest.testDirectoryStructureExists(IComprasServicosConfigurationTest.java:89)
	at java.base/java.lang.reflect.Method.invoke(Method.java:580)
	at java.base/java.util.ArrayList.forEach(ArrayList.java:1596)
	at java.base/java.util.ArrayList.forEach(ArrayList.java:1596)
]]></failure>
  </testcase>
  <testcase name="testPomXmlContainsJava21" classname="com.github.udinei.icompras.servicos.IComprasServicosConfigurationTest" time="0.015"/>
  <testcase name="testPomXmlHasCorrectArtifactNameAndGroupId" classname="com.github.udinei.icompras.servicos.IComprasServicosConfigurationTest" time="0.01"/>
</testsuite>